<?xml version="1.0" encoding="UTF-8"?>
<coverage generated="1660069425278" clover="3.2.0">
  <project timestamp="1660069425278" name="All files">
    <metrics statements="21" coveredstatements="9" conditionals="3" coveredconditionals="0" methods="4" coveredmethods="1" elements="28" coveredelements="10" complexity="0" loc="21" ncloc="21" packages="3" files="3" classes="3"/>
    <package name="src">
      <metrics statements="2" coveredstatements="2" conditionals="0" coveredconditionals="0" methods="0" coveredmethods="0"/>
      <file name="database.ts" path="/home/heusyfelype/Documentos/Driven/Projetos/projeto22-autoral/back-end/src/database.ts">
        <metrics statements="2" coveredstatements="2" conditionals="0" coveredconditionals="0" methods="0" coveredmethods="0"/>
        <line num="3" count="1" type="stmt"/>
        <line num="5" count="1" type="stmt"/>
      </file>
    </package>
    <package name="src.repository">
      <metrics statements="4" coveredstatements="1" conditionals="0" coveredconditionals="0" methods="2" coveredmethods="0"/>
      <file name="usrRepository.ts" path="/home/heusyfelype/Documentos/Driven/Projetos/projeto22-autoral/back-end/src/repository/usrRepository.ts">
        <metrics statements="4" coveredstatements="1" conditionals="0" coveredconditionals="0" methods="2" coveredmethods="0"/>
        <line num="7" count="0" type="stmt"/>
        <line num="8" count="0" type="stmt"/>
        <line num="12" count="0" type="stmt"/>
        <line num="15" count="1" type="stmt"/>
      </file>
    </package>
    <package name="src.service">
      <metrics statements="15" coveredstatements="6" conditionals="3" coveredconditionals="0" methods="2" coveredmethods="1"/>
      <file name="usrService.ts" path="/home/heusyfelype/Documentos/Driven/Projetos/projeto22-autoral/back-end/src/service/usrService.ts">
        <metrics statements="15" coveredstatements="6" conditionals="3" coveredconditionals="0" methods="2" coveredmethods="1"/>
        <line num="10" count="1" type="stmt"/>
        <line num="11" count="1" type="cond" truecount="0" falsecount="1"/>
        <line num="12" count="0" type="stmt"/>
        <line num="14" count="1" type="stmt"/>
        <line num="15" count="1" type="stmt"/>
        <line num="16" count="1" type="stmt"/>
        <line num="20" count="0" type="stmt"/>
        <line num="21" count="0" type="cond" truecount="0" falsecount="1"/>
        <line num="22" count="0" type="stmt"/>
        <line num="24" count="0" type="cond" truecount="0" falsecount="1"/>
        <line num="25" count="0" type="stmt"/>
        <line num="26" count="0" type="stmt"/>
        <line num="27" count="0" type="stmt"/>
        <line num="29" count="0" type="stmt"/>
        <line num="32" count="1" type="stmt"/>
      </file>
    </package>
  </project>
</coverage>
