{"/home/heusyfelype/Documentos/Driven/Projetos/projeto22-autoral/back-end/src/database.ts": {"path":"/home/heusyfelype/Documentos/Driven/Projetos/projeto22-autoral/back-end/src/database.ts","statementMap":{"0":{"start":{"line":3,"column":23},"end":{"line":3,"column":26}},"1":{"start":{"line":5,"column":22},"end":{"line":5,"column":40}}},"fnMap":{},"branchMap":{},"s":{"0":1,"1":1},"f":{},"b":{}}
,"/home/heusyfelype/Documentos/Driven/Projetos/projeto22-autoral/back-end/src/repository/usrRepository.ts": {"path":"/home/heusyfelype/Documentos/Driven/Projetos/projeto22-autoral/back-end/src/repository/usrRepository.ts","statementMap":{"0":{"start":{"line":7,"column":4},"end":{"line":7,"column":null}},"1":{"start":{"line":8,"column":4},"end":{"line":8,"column":null}},"2":{"start":{"line":12,"column":4},"end":{"line":12,"column":null}},"3":{"start":{"line":15,"column":29},"end":{"line":18,"column":null}}},"fnMap":{"0":{"name":"selectUserByEmail","decl":{"start":{"line":6,"column":15},"end":{"line":6,"column":32}},"loc":{"start":{"line":6,"column":46},"end":{"line":9,"column":null}}},"1":{"name":"createUser","decl":{"start":{"line":11,"column":15},"end":{"line":11,"column":25}},"loc":{"start":{"line":11,"column":49},"end":{"line":13,"column":null}}}},"branchMap":{},"s":{"0":0,"1":0,"2":0,"3":1},"f":{"0":0,"1":0},"b":{}}
,"/home/heusyfelype/Documentos/Driven/Projetos/projeto22-autoral/back-end/src/service/usrService.ts": {"path":"/home/heusyfelype/Documentos/Driven/Projetos/projeto22-autoral/back-end/src/service/usrService.ts","statementMap":{"0":{"start":{"line":10,"column":20},"end":{"line":10,"column":70}},"1":{"start":{"line":11,"column":4},"end":{"line":13,"column":null}},"2":{"start":{"line":12,"column":8},"end":{"line":12,"column":null}},"3":{"start":{"line":14,"column":21},"end":{"line":14,"column":56}},"4":{"start":{"line":15,"column":4},"end":{"line":15,"column":null}},"5":{"start":{"line":16,"column":4},"end":{"line":16,"column":null}},"6":{"start":{"line":20,"column":17},"end":{"line":20,"column":67}},"7":{"start":{"line":21,"column":4},"end":{"line":23,"column":null}},"8":{"start":{"line":22,"column":8},"end":{"line":22,"column":null}},"9":{"start":{"line":24,"column":4},"end":{"line":28,"column":null}},"10":{"start":{"line":25,"column":29},"end":{"line":25,"column":56}},"11":{"start":{"line":26,"column":22},"end":{"line":26,"column":99}},"12":{"start":{"line":27,"column":8},"end":{"line":27,"column":null}},"13":{"start":{"line":29,"column":4},"end":{"line":29,"column":null}},"14":{"start":{"line":32,"column":26},"end":{"line":35,"column":null}}},"fnMap":{"0":{"name":"create","decl":{"start":{"line":9,"column":15},"end":{"line":9,"column":21}},"loc":{"start":{"line":9,"column":45},"end":{"line":17,"column":null}}},"1":{"name":"signin","decl":{"start":{"line":19,"column":15},"end":{"line":19,"column":21}},"loc":{"start":{"line":19,"column":43},"end":{"line":30,"column":null}}}},"branchMap":{"0":{"loc":{"start":{"line":11,"column":4},"end":{"line":13,"column":null}},"type":"if","locations":[{"start":{"line":11,"column":4},"end":{"line":13,"column":null}}]},"1":{"loc":{"start":{"line":21,"column":4},"end":{"line":23,"column":null}},"type":"if","locations":[{"start":{"line":21,"column":4},"end":{"line":23,"column":null}}]},"2":{"loc":{"start":{"line":24,"column":4},"end":{"line":28,"column":null}},"type":"if","locations":[{"start":{"line":24,"column":4},"end":{"line":28,"column":null}}]}},"s":{"0":1,"1":1,"2":0,"3":1,"4":1,"5":1,"6":0,"7":0,"8":0,"9":0,"10":0,"11":0,"12":0,"13":0,"14":1},"f":{"0":1,"1":0},"b":{"0":[0],"1":[0],"2":[0]}}
}
