TN:
SF:src/database.ts
FNF:0
FNH:0
DA:3,1
DA:5,1
LF:2
LH:2
BRF:0
BRH:0
end_of_record
TN:
SF:src/repository/usrRepository.ts
FN:6,selectUserByEmail
FN:11,createUser
FNF:2
FNH:0
FNDA:0,selectUserByEmail
FNDA:0,createUser
DA:7,0
DA:8,0
DA:12,0
DA:15,1
LF:4
LH:1
BRF:0
BRH:0
end_of_record
TN:
SF:src/service/usrService.ts
FN:9,create
FN:19,signin
FNF:2
FNH:1
FNDA:1,create
FNDA:0,signin
DA:10,1
DA:11,1
DA:12,0
DA:14,1
DA:15,1
DA:16,1
DA:20,0
DA:21,0
DA:22,0
DA:24,0
DA:25,0
DA:26,0
DA:27,0
DA:29,0
DA:32,1
LF:15
LH:6
BRDA:11,0,0,0
BRDA:21,1,0,0
BRDA:24,2,0,0
BRF:3
BRH:0
end_of_record
